Vivado Simulator 2020.2
Copyright 1986-1999, 2001-2020 Xilinx, Inc. All Rights Reserved.
Running: E:/Xilinx/Vivado/2020.2/bin/unwrapped/win64.o/xelab.exe -wto 6235876b883540398a2d14ccdf0d114d --incr --debug typical --relax --mt 2 -L xil_defaultlib -L unisims_ver -L unimacro_ver -L secureip --snapshot tb_b213_behav xil_defaultlib.tb_b213 xil_defaultlib.glbl -log elaborate.log 
Using 2 slave threads.
Starting static elaboration
Pass Through NonSizing Optimizer
Completed static elaboration
Starting simulation data flow analysis
Completed simulation data flow analysis
Time Resolution for simulation is 1ps
Compiling module xil_defaultlib.bBMU_213
Compiling module xil_defaultlib.bACS_213
Compiling module xil_defaultlib.bACSU_213
Compiling module xil_defaultlib.bTBDECISION_213
Compiling module xil_defaultlib.bSYNCERR_213
Compiling module xil_defaultlib.bCONTROL_213
Compiling module xil_defaultlib.descramble
Compiling module xil_defaultlib.bVITERBI_213
Compiling module xil_defaultlib.tb_b213
Compiling module xil_defaultlib.glbl
Built simulation snapshot tb_b213_behav
