INFO: [VRFC 10-2263] Analyzing Verilog file "C:/Users/HP/Vivado Files/project_2_srinivas/project_2_srinivas.srcs/sources_1/imports/src/bACSU_213.v" into library xil_defaultlib
INFO: [VRFC 10-311] analyzing module bACSU_213
INFO: [VRFC 10-2263] Analyzing Verilog file "C:/Users/HP/Vivado Files/project_2_srinivas/project_2_srinivas.srcs/sources_1/imports/src/bACS_213.v" into library xil_defaultlib
INFO: [VRFC 10-311] analyzing module bACS_213
INFO: [VRFC 10-2263] Analyzing Verilog file "C:/Users/HP/Vivado Files/project_2_srinivas/project_2_srinivas.srcs/sources_1/imports/src/bBMU_213.v" into library xil_defaultlib
INFO: [VRFC 10-311] analyzing module bBMU_213
INFO: [VRFC 10-2263] Analyzing Verilog file "C:/Users/HP/Vivado Files/project_2_srinivas/project_2_srinivas.srcs/sources_1/imports/src/bCONTROL_213.v" into library xil_defaultlib
INFO: [VRFC 10-311] analyzing module bCONTROL_213
INFO: [VRFC 10-2263] Analyzing Verilog file "C:/Users/HP/Vivado Files/project_2_srinivas/project_2_srinivas.srcs/sources_1/imports/src/bSYNCERR_213.v" into library xil_defaultlib
INFO: [VRFC 10-311] analyzing module bSYNCERR_213
INFO: [VRFC 10-2263] Analyzing Verilog file "C:/Users/HP/Vivado Files/project_2_srinivas/project_2_srinivas.srcs/sources_1/imports/src/bTBDECISION_213.v" into library xil_defaultlib
INFO: [VRFC 10-311] analyzing module bTBDECISION_213
INFO: [VRFC 10-2263] Analyzing Verilog file "C:/Users/HP/Vivado Files/project_2_srinivas/project_2_srinivas.srcs/sources_1/imports/src/bVITERBI_213.v" into library xil_defaultlib
INFO: [VRFC 10-311] analyzing module bVITERBI_213
INFO: [VRFC 10-2458] undeclared symbol le, assumed default net type wire [C:/Users/HP/Vivado Files/project_2_srinivas/project_2_srinivas.srcs/sources_1/imports/src/bVITERBI_213.v:89]
INFO: [VRFC 10-2458] undeclared symbol ae, assumed default net type wire [C:/Users/HP/Vivado Files/project_2_srinivas/project_2_srinivas.srcs/sources_1/imports/src/bVITERBI_213.v:113]
INFO: [VRFC 10-2458] undeclared symbol out_bit, assumed default net type wire [C:/Users/HP/Vivado Files/project_2_srinivas/project_2_srinivas.srcs/sources_1/imports/src/bVITERBI_213.v:138]
INFO: [VRFC 10-2458] undeclared symbol output_strobe, assumed default net type wire [C:/Users/HP/Vivado Files/project_2_srinivas/project_2_srinivas.srcs/sources_1/imports/src/bVITERBI_213.v:139]
INFO: [VRFC 10-2263] Analyzing Verilog file "C:/Users/HP/Vivado Files/project_2_srinivas/project_2_srinivas.srcs/sources_1/new/descramble.v" into library xil_defaultlib
INFO: [VRFC 10-311] analyzing module descramble
INFO: [VRFC 10-2263] Analyzing Verilog file "C:/Users/HP/Vivado Files/project_2_srinivas/project_2_srinivas.srcs/sim_1/imports/src/tb_b213.v" into library xil_defaultlib
INFO: [VRFC 10-311] analyzing module tb_b213
